<?xml version="1.0" encoding="UTF-8"?>
<!-- Generated by org.testng.reporters.JUnitReportReporter -->
<testsuite skipped="0" hostname="DESKTOP-GK61F68" name="runner.CucumberRunner" tests="1" failures="0" timestamp="2021-11-30T17:10:24 IST" time="52.842" errors="0">
  <testcase name="runScenario" time="52.842" classname="runner.CucumberRunner"/>
  <system-out/>
</testsuite> <!-- runner.CucumberRunner -->
